INFO 2024-12-22 08:38:32,027 124235975950464 Watching for file changes with StatReloader
INFO 2024-12-22 08:38:33,562 124235915724480 "GET / HTTP/1.1" 302 0
INFO 2024-12-22 08:38:33,588 124235915724480 "GET /accounts/login/?next=/ HTTP/1.1" 200 3884
INFO 2024-12-22 08:38:33,674 124235819255488 "GET /static/vendors/swiper/css/swiper-bundle.min.css HTTP/1.1" 200 13934
INFO 2024-12-22 08:38:33,675 124235915724480 "GET /static/vendors/fontawesome/css/all.min.css HTTP/1.1" 200 101709
INFO 2024-12-22 08:38:33,675 124235787798208 "GET /static/custom/css/style.css HTTP/1.1" 200 983
INFO 2024-12-22 08:38:33,676 124235798283968 "GET /static/vendors/sweetalert2/sweetalert2.min.css HTTP/1.1" 200 24454
INFO 2024-12-22 08:38:33,676 124235808769728 "GET /static/vendors/summernote/summernote-lite.min.css HTTP/1.1" 200 30447
INFO 2024-12-22 08:38:33,677 124235905238720 "GET /static/vendors/bootstrap/css/bootstrap.min.css HTTP/1.1" 200 155845
INFO 2024-12-22 08:38:33,685 124235798283968 "GET /static/vendors/sweetalert2/sweetalert2.min.js HTTP/1.1" 200 47965
INFO 2024-12-22 08:38:33,687 124235787798208 "GET /static/vendors/jquery/jquery.min.js HTTP/1.1" 200 86927
INFO 2024-12-22 08:38:33,687 124235808769728 "GET /static/vendors/swiper/js/swiper-bundle.min.js HTTP/1.1" 200 146371
INFO 2024-12-22 08:38:33,688 124235819255488 "GET /static/vendors/bootstrap/js/bootstrap.min.js HTTP/1.1" 200 60089
INFO 2024-12-22 08:38:33,688 124235905238720 "GET /static/vendors/summernote/summernote-lite.min.js HTTP/1.1" 200 163197
INFO 2024-12-22 08:40:26,258 130785377570944 Watching for file changes with StatReloader
INFO 2024-12-22 08:40:53,797 130785241728704 "POST /accounts/login/?next=/ HTTP/1.1" 302 0
INFO 2024-12-22 08:40:53,818 130785241728704 "GET / HTTP/1.1" 200 4893
INFO 2024-12-22 08:40:53,885 130785241728704 "GET /static/vendors/fontawesome/css/all.min.css HTTP/1.1" 304 0
INFO 2024-12-22 08:40:53,894 130785210271424 "GET /static/vendors/summernote/summernote-lite.min.css HTTP/1.1" 304 0
INFO 2024-12-22 08:40:53,896 130785220757184 "GET /static/vendors/swiper/css/swiper-bundle.min.css HTTP/1.1" 304 0
INFO 2024-12-22 08:40:53,896 130785231242944 "GET /static/vendors/bootstrap/css/bootstrap.min.css HTTP/1.1" 304 0
INFO 2024-12-22 08:40:53,898 130785210271424 "GET /static/vendors/jquery/jquery.min.js HTTP/1.1" 304 0
INFO 2024-12-22 08:40:53,899 130785199785664 "GET /static/vendors/sweetalert2/sweetalert2.min.css HTTP/1.1" 304 0
INFO 2024-12-22 08:40:53,899 130785189299904 "GET /static/custom/css/style.css HTTP/1.1" 304 0
INFO 2024-12-22 08:40:53,901 130785231242944 "GET /static/vendors/swiper/js/swiper-bundle.min.js HTTP/1.1" 304 0
INFO 2024-12-22 08:40:53,902 130785220757184 "GET /static/vendors/bootstrap/js/bootstrap.min.js HTTP/1.1" 304 0
INFO 2024-12-22 08:40:53,904 130785189299904 "GET /static/vendors/sweetalert2/sweetalert2.min.js HTTP/1.1" 304 0
INFO 2024-12-22 08:40:53,905 130785199785664 "GET /static/vendors/summernote/summernote-lite.min.js HTTP/1.1" 304 0
INFO 2024-12-22 08:40:55,557 130785189299904 "GET /exam/exams/create/ HTTP/1.1" 200 11175
INFO 2024-12-22 08:40:55,672 130785189299904 "GET /static/vendors/summernote/font/summernote.woff2 HTTP/1.1" 200 6156
INFO 2024-12-22 08:40:58,405 130785189299904 "GET / HTTP/1.1" 200 4893
INFO 2024-12-22 08:41:01,754 130785189299904 "GET /students/ HTTP/1.1" 200 5101
INFO 2024-12-22 08:41:05,154 130785189299904 "GET /students/create/ HTTP/1.1" 200 3605
INFO 2024-12-22 08:41:08,494 130785189299904 "GET /students/ HTTP/1.1" 200 5101
WARNING 2024-12-22 08:41:08,574 130785189299904 Not Found: /favicon.ico
WARNING 2024-12-22 08:41:08,575 130785189299904 "GET /favicon.ico HTTP/1.1" 404 6234
INFO 2024-12-22 08:41:09,172 130785189299904 "GET /exam/questionbank/ HTTP/1.1" 200 5911
INFO 2024-12-22 08:41:15,150 130785189299904 "GET / HTTP/1.1" 200 4893
INFO 2024-12-22 08:42:24,179 130785189299904 "GET /students/ HTTP/1.1" 200 5101
INFO 2024-12-22 08:42:24,210 130785189299904 "GET /static/vendors/fontawesome/css/all.min.css HTTP/1.1" 304 0
INFO 2024-12-22 08:42:24,221 130785199785664 "GET /static/vendors/bootstrap/css/bootstrap.min.css HTTP/1.1" 304 0
INFO 2024-12-22 08:42:24,221 130785220757184 "GET /static/vendors/summernote/summernote-lite.min.css HTTP/1.1" 304 0
INFO 2024-12-22 08:42:24,221 130785231242944 "GET /static/vendors/swiper/css/swiper-bundle.min.css HTTP/1.1" 304 0
INFO 2024-12-22 08:42:24,221 130785210271424 "GET /static/vendors/sweetalert2/sweetalert2.min.css HTTP/1.1" 304 0
INFO 2024-12-22 08:42:24,221 130785241728704 "GET /static/custom/css/style.css HTTP/1.1" 304 0
INFO 2024-12-22 08:42:24,233 130785220757184 "GET /static/vendors/swiper/js/swiper-bundle.min.js HTTP/1.1" 304 0
INFO 2024-12-22 08:42:24,233 130785199785664 "GET /static/vendors/jquery/jquery.min.js HTTP/1.1" 304 0
INFO 2024-12-22 08:42:24,234 130785241728704 "GET /static/vendors/summernote/summernote-lite.min.js HTTP/1.1" 304 0
INFO 2024-12-22 08:42:24,234 130785210271424 "GET /static/vendors/sweetalert2/sweetalert2.min.js HTTP/1.1" 304 0
INFO 2024-12-22 08:42:24,234 130785231242944 "GET /static/vendors/bootstrap/js/bootstrap.min.js HTTP/1.1" 304 0
INFO 2024-12-22 08:42:25,948 130785231242944 "GET /students/create/ HTTP/1.1" 200 3605
INFO 2024-12-22 08:42:48,992 130785231242944 "POST /students/create/ HTTP/1.1" 200 3718
INFO 2024-12-22 08:43:01,312 130785231242944 "POST /students/create/ HTTP/1.1" 200 3734
INFO 2024-12-22 08:43:15,239 130785231242944 "POST /students/create/ HTTP/1.1" 204 0
INFO 2024-12-22 08:43:15,562 130785231242944 "GET /students/ HTTP/1.1" 200 5628
INFO 2024-12-22 08:43:15,631 130785231242944 "GET /static/vendors/fontawesome/webfonts/fa-solid-900.woff2 HTTP/1.1" 200 154840
INFO 2024-12-22 08:43:17,677 130785231242944 "GET /accounts/logout/ HTTP/1.1" 302 0
INFO 2024-12-22 08:43:17,682 130785231242944 "GET /accounts/login/ HTTP/1.1" 200 3884
INFO 2024-12-22 08:43:24,631 130785231242944 "POST /accounts/login/ HTTP/1.1" 302 0
INFO 2024-12-22 08:43:24,642 130785231242944 "GET / HTTP/1.1" 200 4002
INFO 2024-12-22 08:43:28,010 130785231242944 "GET /accounts/logout/ HTTP/1.1" 302 0
INFO 2024-12-22 08:43:28,015 130785231242944 "GET /accounts/login/ HTTP/1.1" 200 3884
INFO 2024-12-22 08:43:38,135 130785231242944 "POST /accounts/login/ HTTP/1.1" 302 0
INFO 2024-12-22 08:43:38,148 130785231242944 "GET / HTTP/1.1" 200 4893
INFO 2024-12-22 08:43:39,748 130785231242944 "GET /exam/exams/create/ HTTP/1.1" 200 11175
INFO 2024-12-22 08:43:39,822 130785231242944 "GET /static/vendors/summernote/font/summernote.woff2 HTTP/1.1" 304 0
INFO 2024-12-22 08:43:46,637 130785231242944 "GET /exam/questionbank/ HTTP/1.1" 200 5911
INFO 2024-12-22 08:43:49,423 130785231242944 "GET /exam/question/create/ HTTP/1.1" 200 10081
INFO 2024-12-22 08:44:11,496 130785231242944 "POST /exam/question/create/ HTTP/1.1" 302 0
INFO 2024-12-22 08:44:11,511 130785231242944 "GET /exam/questionbank/ HTTP/1.1" 200 6753
INFO 2024-12-22 08:44:11,570 130785231242944 "GET /static/vendors/fontawesome/css/all.min.css HTTP/1.1" 304 0
INFO 2024-12-22 08:44:11,575 130785220757184 "GET /static/vendors/summernote/summernote-lite.min.css HTTP/1.1" 304 0
INFO 2024-12-22 08:44:11,576 130785241728704 "GET /static/vendors/sweetalert2/sweetalert2.min.css HTTP/1.1" 304 0
INFO 2024-12-22 08:44:11,576 130785189299904 "GET /static/custom/css/style.css HTTP/1.1" 304 0
INFO 2024-12-22 08:44:11,577 130785210271424 "GET /static/vendors/bootstrap/css/bootstrap.min.css HTTP/1.1" 304 0
INFO 2024-12-22 08:44:11,577 130785199785664 "GET /static/vendors/swiper/css/swiper-bundle.min.css HTTP/1.1" 304 0
INFO 2024-12-22 08:44:11,585 130785189299904 "GET /static/vendors/summernote/summernote-lite.min.js HTTP/1.1" 304 0
INFO 2024-12-22 08:44:11,586 130785220757184 "GET /static/vendors/jquery/jquery.min.js HTTP/1.1" 304 0
INFO 2024-12-22 08:44:11,586 130785210271424 "GET /static/vendors/swiper/js/swiper-bundle.min.js HTTP/1.1" 304 0
INFO 2024-12-22 08:44:11,587 130785199785664 "GET /static/vendors/sweetalert2/sweetalert2.min.js HTTP/1.1" 304 0
INFO 2024-12-22 08:44:11,587 130785241728704 "GET /static/vendors/bootstrap/js/bootstrap.min.js HTTP/1.1" 304 0
INFO 2024-12-22 08:44:14,485 130785241728704 "GET /exam/questionbank/ HTTP/1.1" 200 6753
INFO 2024-12-22 08:44:15,251 130785241728704 "GET / HTTP/1.1" 200 4893
INFO 2024-12-22 08:44:16,995 130785241728704 "GET /exam/exams/create/ HTTP/1.1" 200 11175
INFO 2024-12-22 08:44:21,170 130785241728704 "GET /termsession/ HTTP/1.1" 200 8470
INFO 2024-12-22 08:44:23,073 130785241728704 "GET /session/create/ HTTP/1.1" 200 965
INFO 2024-12-22 08:44:31,184 130785241728704 "POST /session/create/ HTTP/1.1" 204 0
INFO 2024-12-22 08:44:31,514 130785241728704 "GET /termsession/ HTTP/1.1" 200 9234
INFO 2024-12-22 08:44:32,656 130785241728704 "GET /term/create/ HTTP/1.1" 200 959
INFO 2024-12-22 08:44:37,386 130785241728704 "POST /term/create/ HTTP/1.1" 204 0
INFO 2024-12-22 08:44:37,720 130785241728704 "GET /termsession/ HTTP/1.1" 200 9966
INFO 2024-12-22 08:44:40,784 130785241728704 "GET / HTTP/1.1" 200 4893
INFO 2024-12-22 08:44:44,457 130785241728704 "GET /exam/questionbank/ HTTP/1.1" 200 6753
INFO 2024-12-22 08:44:45,845 130785241728704 "GET / HTTP/1.1" 200 4893
INFO 2024-12-22 08:44:46,904 130785241728704 "GET /exam/exams/create/ HTTP/1.1" 200 11246
INFO 2024-12-22 08:45:35,914 130785241728704 "POST /exam/exams/create/ HTTP/1.1" 302 0
INFO 2024-12-22 08:45:35,934 130785241728704 "GET /exam/exams/1/detail/ HTTP/1.1" 200 6809
INFO 2024-12-22 08:45:36,063 130785241728704 "GET /static/vendors/fontawesome/webfonts/fa-solid-900.woff2 HTTP/1.1" 304 0
INFO 2024-12-22 08:45:42,938 130785241728704 "GET /exam/add-question/1/ HTTP/1.1" 200 10081
INFO 2024-12-22 08:45:43,080 130785241728704 "GET /static/vendors/summernote/font/summernote.woff2 HTTP/1.1" 304 0
INFO 2024-12-22 08:45:47,071 130785241728704 "GET /accounts/logout/ HTTP/1.1" 302 0
INFO 2024-12-22 08:45:47,076 130785241728704 "GET /accounts/login/ HTTP/1.1" 200 3884
INFO 2024-12-22 08:45:54,013 130785241728704 "POST /accounts/login/ HTTP/1.1" 302 0
INFO 2024-12-22 08:45:54,023 130785241728704 "GET / HTTP/1.1" 200 4471
INFO 2024-12-22 08:45:54,087 130785241728704 "GET /static/vendors/fontawesome/css/all.min.css HTTP/1.1" 304 0
INFO 2024-12-22 08:45:54,092 130785189299904 "GET /static/vendors/bootstrap/css/bootstrap.min.css HTTP/1.1" 304 0
INFO 2024-12-22 08:45:54,092 130785220757184 "GET /static/vendors/sweetalert2/sweetalert2.min.css HTTP/1.1" 304 0
INFO 2024-12-22 08:45:54,093 130785210271424 "GET /static/vendors/swiper/css/swiper-bundle.min.css HTTP/1.1" 304 0
INFO 2024-12-22 08:45:54,093 130785199785664 "GET /static/vendors/summernote/summernote-lite.min.css HTTP/1.1" 304 0
INFO 2024-12-22 08:45:54,094 130785231242944 "GET /static/custom/css/style.css HTTP/1.1" 304 0
INFO 2024-12-22 08:45:54,101 130785231242944 "GET /static/vendors/sweetalert2/sweetalert2.min.js HTTP/1.1" 304 0
INFO 2024-12-22 08:45:54,102 130785220757184 "GET /static/vendors/bootstrap/js/bootstrap.min.js HTTP/1.1" 304 0
INFO 2024-12-22 08:45:54,102 130785199785664 "GET /static/vendors/summernote/summernote-lite.min.js HTTP/1.1" 304 0
INFO 2024-12-22 08:45:54,102 130785189299904 "GET /static/vendors/jquery/jquery.min.js HTTP/1.1" 304 0
INFO 2024-12-22 08:45:54,102 130785210271424 "GET /static/vendors/swiper/js/swiper-bundle.min.js HTTP/1.1" 304 0
INFO 2024-12-22 08:45:56,167 130785220757184 "GET /exam/exams/1/detail/ HTTP/1.1" 200 4892
INFO 2024-12-22 08:45:57,791 130785220757184 "GET /exam/take/1/ HTTP/1.1" 200 9547
INFO 2024-12-22 08:45:57,805 130785220757184 "GET /static/vendors/jquery.countdown/jquery.countdown.min.js HTTP/1.1" 200 5339
INFO 2024-12-22 08:46:00,189 130785220757184 "POST /exam/take/1/ HTTP/1.1" 302 0
INFO 2024-12-22 08:46:00,205 130785220757184 "GET /exam/scores/1/2/ HTTP/1.1" 200 4143
INFO 2024-12-22 08:46:02,832 130785220757184 "GET /accounts/logout/ HTTP/1.1" 302 0
INFO 2024-12-22 08:46:02,837 130785220757184 "GET /accounts/login/ HTTP/1.1" 200 3884
INFO 2024-12-22 08:46:09,081 130785220757184 "POST /accounts/login/ HTTP/1.1" 200 4062
INFO 2024-12-22 08:46:16,411 130785220757184 "POST /accounts/login/ HTTP/1.1" 302 0
INFO 2024-12-22 08:46:16,426 130785220757184 "GET / HTTP/1.1" 200 6240
INFO 2024-12-22 08:46:18,686 130785220757184 "GET /exam/exams/1/detail/ HTTP/1.1" 200 6524
INFO 2024-12-22 08:46:21,895 130785220757184 "GET /exam/add-question/1/ HTTP/1.1" 200 10081
INFO 2024-12-22 08:46:36,388 130785220757184 "POST /exam/add-question/1/ HTTP/1.1" 302 0
INFO 2024-12-22 08:46:36,404 130785220757184 "GET /exam/exams/1/detail/ HTTP/1.1" 200 7122
INFO 2024-12-22 08:46:41,415 130785220757184 "GET /exam/questionbank/ HTTP/1.1" 200 7135
INFO 2024-12-22 08:46:46,649 130785220757184 "GET /exam/questionbank/ HTTP/1.1" 200 7135
INFO 2024-12-22 08:46:48,434 130785220757184 "GET /exam/questionbank/ HTTP/1.1" 200 7135
INFO 2024-12-22 08:46:50,188 130785220757184 "GET / HTTP/1.1" 200 6240
INFO 2024-12-22 08:46:52,510 130785220757184 "GET /exam/exams/1/detail/ HTTP/1.1" 200 7122
INFO 2024-12-22 08:54:02,914 130785210271424 "GET /exam/take/1/ HTTP/1.1" 200 11634
INFO 2024-12-22 08:54:02,945 130785210271424 "GET /static/vendors/fontawesome/css/all.min.css HTTP/1.1" 304 0
INFO 2024-12-22 08:54:02,961 130785220757184 "GET /static/vendors/swiper/css/swiper-bundle.min.css HTTP/1.1" 304 0
INFO 2024-12-22 08:54:02,963 130785199785664 "GET /static/vendors/summernote/summernote-lite.min.css HTTP/1.1" 304 0
INFO 2024-12-22 08:54:02,964 130785199785664 "GET /static/vendors/bootstrap/js/bootstrap.min.js HTTP/1.1" 304 0
INFO 2024-12-22 08:54:02,964 130785220757184 "GET /static/vendors/jquery/jquery.min.js HTTP/1.1" 304 0
INFO 2024-12-22 08:54:02,965 130785241728704 "GET /static/custom/css/style.css HTTP/1.1" 304 0
INFO 2024-12-22 08:54:02,965 130785231242944 "GET /static/vendors/sweetalert2/sweetalert2.min.css HTTP/1.1" 304 0
INFO 2024-12-22 08:54:02,965 130785189299904 "GET /static/vendors/bootstrap/css/bootstrap.min.css HTTP/1.1" 304 0
INFO 2024-12-22 08:54:02,969 130785241728704 "GET /static/vendors/swiper/js/swiper-bundle.min.js HTTP/1.1" 304 0
INFO 2024-12-22 08:54:02,970 130785231242944 "GET /static/vendors/summernote/summernote-lite.min.js HTTP/1.1" 304 0
INFO 2024-12-22 08:54:02,971 130785189299904 "GET /static/vendors/sweetalert2/sweetalert2.min.js HTTP/1.1" 304 0
INFO 2024-12-22 08:54:02,988 130785210271424 "GET /static/vendors/jquery.countdown/jquery.countdown.min.js HTTP/1.1" 304 0
INFO 2024-12-22 08:54:13,252 130785210271424 "POST /exam/take/1/ HTTP/1.1" 302 0
INFO 2024-12-22 08:54:13,267 130785210271424 "GET /exam/scores/1/1/ HTTP/1.1" 200 7654
INFO 2024-12-22 08:54:13,364 130785210271424 "GET /static/vendors/fontawesome/webfonts/fa-solid-900.woff2 HTTP/1.1" 304 0
INFO 2024-12-22 08:54:16,897 130785210271424 "GET / HTTP/1.1" 200 6240
INFO 2024-12-22 08:54:24,011 130785210271424 "GET /exam/exams/1/detail/ HTTP/1.1" 200 7122
INFO 2024-12-22 08:54:26,480 130785210271424 "GET /exam/1/scores/ HTTP/1.1" 200 6456
INFO 2024-12-22 08:54:31,482 130785210271424 "GET /accounts/logout/ HTTP/1.1" 302 0
INFO 2024-12-22 08:54:31,487 130785210271424 "GET /accounts/login/ HTTP/1.1" 200 3884
INFO 2024-12-22 08:54:39,736 130785210271424 "POST /accounts/login/ HTTP/1.1" 302 0
INFO 2024-12-22 08:54:39,747 130785210271424 "GET / HTTP/1.1" 200 4471
INFO 2024-12-22 08:54:41,436 130785210271424 "GET /exam/exams/1/detail/ HTTP/1.1" 200 4892
INFO 2024-12-22 08:54:42,844 130785210271424 "GET /exam/take/1/ HTTP/1.1" 302 0
INFO 2024-12-22 08:54:42,860 130785210271424 "GET /exam/scores/1/2/ HTTP/1.1" 200 6973
INFO 2024-12-22 08:54:49,867 130785210271424 "GET / HTTP/1.1" 200 4471
INFO 2024-12-22 08:54:52,699 130785210271424 "GET /accounts/logout/ HTTP/1.1" 302 0
INFO 2024-12-22 08:54:52,704 130785210271424 "GET /accounts/login/ HTTP/1.1" 200 3884
INFO 2024-12-22 08:55:01,108 130785210271424 "POST /accounts/login/ HTTP/1.1" 302 0
INFO 2024-12-22 08:55:01,119 130785210271424 "GET / HTTP/1.1" 200 6240
INFO 2024-12-22 08:55:04,151 130785210271424 "GET /students/ HTTP/1.1" 200 5628
INFO 2024-12-22 08:55:06,014 130785210271424 "GET /students/2/update/ HTTP/1.1" 200 2880
INFO 2024-12-22 08:55:12,500 130785210271424 "GET /students/ HTTP/1.1" 200 5628
INFO 2024-12-22 08:55:17,300 130785210271424 "GET / HTTP/1.1" 200 6240
INFO 2024-12-22 08:55:19,783 130785210271424 "GET /exam/exams/1/detail/ HTTP/1.1" 200 7122
INFO 2024-12-22 08:55:21,409 130785210271424 "GET /exam/1/scores/ HTTP/1.1" 200 6456
INFO 2024-12-22 08:55:24,279 130785210271424 "GET /exam/scores/1/delete/ HTTP/1.1" 200 821
INFO 2024-12-22 08:55:25,813 130785210271424 "POST /exam/scores/1/delete/ HTTP/1.1" 204 0
INFO 2024-12-22 08:55:26,147 130785210271424 "GET /exam/1/scores/ HTTP/1.1" 200 5857
INFO 2024-12-22 08:55:27,286 130785210271424 "GET /accounts/logout/ HTTP/1.1" 302 0
INFO 2024-12-22 08:55:27,291 130785210271424 "GET /accounts/login/ HTTP/1.1" 200 3884
INFO 2024-12-22 08:55:32,079 130785210271424 "POST /accounts/login/ HTTP/1.1" 200 3987
INFO 2024-12-22 08:55:35,011 130785210271424 "GET /accounts/login/ HTTP/1.1" 200 3884
INFO 2024-12-22 08:55:38,633 130785210271424 "POST /accounts/login/ HTTP/1.1" 200 3987
INFO 2024-12-22 08:55:40,645 130785210271424 "GET /accounts/login/ HTTP/1.1" 200 3884
INFO 2024-12-22 08:55:46,670 130785210271424 "POST /accounts/login/ HTTP/1.1" 302 0
INFO 2024-12-22 08:55:46,679 130785210271424 "GET / HTTP/1.1" 200 4471
INFO 2024-12-22 08:55:48,347 130785210271424 "GET /exam/exams/1/detail/ HTTP/1.1" 200 4892
INFO 2024-12-22 08:55:49,362 130785210271424 "GET /exam/take/1/ HTTP/1.1" 200 10859
INFO 2024-12-22 08:55:53,787 130785210271424 "POST /exam/take/1/ HTTP/1.1" 302 0
INFO 2024-12-22 08:55:53,803 130785210271424 "GET /exam/scores/1/2/ HTTP/1.1" 200 6879
INFO 2024-12-22 08:55:59,934 130785210271424 "GET /accounts/logout/ HTTP/1.1" 302 0
INFO 2024-12-22 08:55:59,939 130785210271424 "GET /accounts/login/ HTTP/1.1" 200 3884
INFO 2024-12-22 08:56:05,523 130785210271424 "POST /accounts/login/ HTTP/1.1" 302 0
INFO 2024-12-22 08:56:05,535 130785210271424 "GET / HTTP/1.1" 200 6240
INFO 2024-12-22 11:50:28,200 130723604496512 Watching for file changes with StatReloader
INFO 2024-12-22 11:50:30,144 130723543516864 "GET / HTTP/1.1" 200 6240
INFO 2024-12-22 11:50:30,230 130723543516864 "GET /static/vendors/fontawesome/css/all.min.css HTTP/1.1" 304 0
INFO 2024-12-22 11:50:30,253 130723522545344 "GET /static/vendors/summernote/summernote-lite.min.css HTTP/1.1" 304 0
INFO 2024-12-22 11:50:30,258 130723533031104 "GET /static/vendors/swiper/css/swiper-bundle.min.css HTTP/1.1" 304 0
INFO 2024-12-22 11:50:30,261 130723522545344 "GET /static/vendors/bootstrap/js/bootstrap.min.js HTTP/1.1" 304 0
INFO 2024-12-22 11:50:30,261 130723423979200 "GET /static/custom/css/style.css HTTP/1.1" 304 0
INFO 2024-12-22 11:50:30,264 130723543516864 "GET /static/vendors/bootstrap/css/bootstrap.min.css HTTP/1.1" 304 0
INFO 2024-12-22 11:50:30,265 130723413493440 "GET /static/vendors/jquery/jquery.min.js HTTP/1.1" 304 0
INFO 2024-12-22 11:50:30,266 130723533031104 "GET /static/vendors/swiper/js/swiper-bundle.min.js HTTP/1.1" 304 0
INFO 2024-12-22 11:50:30,270 130723434464960 "GET /static/vendors/sweetalert2/sweetalert2.min.css HTTP/1.1" 304 0
INFO 2024-12-22 11:50:30,275 130723423979200 "GET /static/vendors/summernote/summernote-lite.min.js HTTP/1.1" 304 0
INFO 2024-12-22 11:50:30,276 130723413493440 "GET /static/vendors/sweetalert2/sweetalert2.min.js HTTP/1.1" 304 0
INFO 2024-12-22 11:50:34,608 130723423979200 "GET /accounts/logout/ HTTP/1.1" 302 0
INFO 2024-12-22 11:50:34,620 130723423979200 "GET /accounts/login/ HTTP/1.1" 200 3884
INFO 2024-12-22 11:50:43,690 130723423979200 "POST /accounts/login/ HTTP/1.1" 302 0
INFO 2024-12-22 11:50:43,713 130723423979200 "GET / HTTP/1.1" 200 4471
INFO 2024-12-22 11:50:46,203 130723423979200 "GET /exam/exams/1/detail/ HTTP/1.1" 200 4892
INFO 2024-12-22 11:50:49,661 130723423979200 "GET /exam/take/1/ HTTP/1.1" 302 0
INFO 2024-12-22 11:50:49,698 130723423979200 "GET /exam/scores/1/2/ HTTP/1.1" 200 7177
INFO 2024-12-22 11:50:49,827 130723423979200 "GET /static/vendors/fontawesome/webfonts/fa-solid-900.woff2 HTTP/1.1" 304 0
INFO 2024-12-22 11:50:54,776 130723423979200 "GET / HTTP/1.1" 200 4471
INFO 2024-12-22 11:51:03,787 130723423979200 "GET /accounts/logout/ HTTP/1.1" 302 0
INFO 2024-12-22 11:51:03,796 130723423979200 "GET /accounts/login/ HTTP/1.1" 200 3884
INFO 2024-12-22 11:52:35,080 130723423979200 "POST /accounts/login/ HTTP/1.1" 302 0
INFO 2024-12-22 11:52:35,104 130723423979200 "GET / HTTP/1.1" 200 6240
INFO 2024-12-22 11:52:38,973 130723423979200 "GET /exam/exams/1/detail/ HTTP/1.1" 200 7122
INFO 2024-12-22 11:52:42,216 130723423979200 "GET /students/ HTTP/1.1" 200 5628
INFO 2024-12-22 11:52:45,038 130723423979200 "GET /exam/questionbank/ HTTP/1.1" 200 7135
INFO 2024-12-22 11:52:47,296 130723423979200 "GET / HTTP/1.1" 200 6240
INFO 2024-12-22 11:52:52,245 130723423979200 "GET /exam/exams/1/detail/ HTTP/1.1" 200 7122
INFO 2024-12-22 11:52:53,317 130723423979200 "GET /exam/1/scores/ HTTP/1.1" 200 6456
INFO 2024-12-22 11:52:55,030 130723423979200 "GET /exam/scores/3/delete/ HTTP/1.1" 200 821
INFO 2024-12-22 11:52:56,400 130723423979200 "POST /exam/scores/3/delete/ HTTP/1.1" 204 0
INFO 2024-12-22 11:52:56,747 130723423979200 "GET /exam/1/scores/ HTTP/1.1" 200 5857
INFO 2024-12-22 11:52:58,787 130723423979200 "GET /accounts/logout/ HTTP/1.1" 302 0
INFO 2024-12-22 11:52:58,794 130723423979200 "GET /accounts/login/ HTTP/1.1" 200 3884
INFO 2024-12-22 11:53:06,035 130723423979200 "POST /accounts/login/ HTTP/1.1" 302 0
INFO 2024-12-22 11:53:06,055 130723423979200 "GET / HTTP/1.1" 200 4471
INFO 2024-12-22 11:53:07,599 130723423979200 "GET /exam/exams/1/detail/ HTTP/1.1" 200 4892
INFO 2024-12-22 11:53:09,741 130723423979200 "GET /exam/take/1/ HTTP/1.1" 200 10859
INFO 2024-12-22 11:53:09,772 130723423979200 "GET /static/vendors/jquery.countdown/jquery.countdown.min.js HTTP/1.1" 304 0
INFO 2024-12-22 11:53:17,213 130723423979200 "POST /exam/take/1/ HTTP/1.1" 302 0
INFO 2024-12-22 11:53:17,246 130723423979200 "GET /exam/scores/1/2/ HTTP/1.1" 200 6879
INFO 2024-12-22 11:55:57,113 130723423979200 "GET /exam/scores/1/2/ HTTP/1.1" 200 6879
INFO 2024-12-22 11:56:10,503 130723423979200 "GET /exam/scores/1/2/ HTTP/1.1" 200 6879
INFO 2024-12-22 11:56:12,082 130723423979200 "GET /exam/take/1/ HTTP/1.1" 302 0
INFO 2024-12-22 11:56:12,111 130723423979200 "GET /exam/scores/1/2/ HTTP/1.1" 200 7177
WARNING 2024-12-22 11:56:17,867 130723423979200 Not Found: /exam
WARNING 2024-12-22 11:56:17,867 130723423979200 "GET /exam HTTP/1.1" 404 6213
INFO 2024-12-22 11:56:26,855 130723423979200 "GET / HTTP/1.1" 200 4471
INFO 2024-12-22 11:56:32,352 130723423979200 "GET /exam/exams/1/detail/ HTTP/1.1" 200 4892
INFO 2024-12-22 11:56:37,219 130723423979200 "GET /exam/take/1/ HTTP/1.1" 302 0
INFO 2024-12-22 11:56:37,250 130723423979200 "GET /exam/scores/1/2/ HTTP/1.1" 200 7177
INFO 2024-12-22 11:57:45,541 130723423979200 "GET /exam/scores/1/2/ HTTP/1.1" 200 6879
INFO 2024-12-22 11:58:03,635 130723423979200 "GET /exam/scores/1/2/ HTTP/1.1" 200 6879
INFO 2024-12-22 11:58:55,904 130723423979200 "GET /exam/scores/1/2/ HTTP/1.1" 200 6879
INFO 2024-12-22 12:00:21,348 130723423979200 "GET /exam/scores/1/2/ HTTP/1.1" 200 5872
INFO 2024-12-22 12:02:19,935 130723423979200 "GET /exam/scores/1/2/ HTTP/1.1" 200 5440
WARNING 2024-12-22 12:02:24,066 130723423979200 Not Found: /home
WARNING 2024-12-22 12:02:24,067 130723423979200 "GET /home HTTP/1.1" 404 6213
INFO 2024-12-22 12:02:34,475 130723423979200 "GET /exam/scores/1/2/ HTTP/1.1" 200 5440
INFO 2024-12-22 12:02:51,826 130723423979200 "GET / HTTP/1.1" 200 4471
INFO 2024-12-22 12:02:53,848 130723423979200 "GET /exam/exams/1/detail/ HTTP/1.1" 200 4892
INFO 2024-12-22 12:02:56,816 130723423979200 "GET /accounts/logout/ HTTP/1.1" 302 0
INFO 2024-12-22 12:02:56,826 130723423979200 "GET /accounts/login/ HTTP/1.1" 200 3884
INFO 2024-12-22 12:03:07,559 130723423979200 "POST /accounts/login/ HTTP/1.1" 200 4062
INFO 2024-12-22 12:03:15,084 130723423979200 "POST /accounts/login/ HTTP/1.1" 302 0
INFO 2024-12-22 12:03:15,105 130723423979200 "GET / HTTP/1.1" 200 4471
INFO 2024-12-22 12:03:18,593 130723423979200 "GET /exam/exams/1/detail/ HTTP/1.1" 200 4892
INFO 2024-12-22 12:03:21,684 130723423979200 "GET /exam/take/1/ HTTP/1.1" 302 0
INFO 2024-12-22 12:03:21,710 130723423979200 "GET /exam/scores/1/2/ HTTP/1.1" 200 5738
INFO 2024-12-22 12:03:31,178 130723423979200 "GET / HTTP/1.1" 200 4471
INFO 2024-12-22 12:03:34,264 130723423979200 "GET /accounts/logout/ HTTP/1.1" 302 0
INFO 2024-12-22 12:03:34,272 130723423979200 "GET /accounts/login/ HTTP/1.1" 200 3884
INFO 2024-12-22 12:03:43,524 130723423979200 "POST /accounts/login/ HTTP/1.1" 302 0
INFO 2024-12-22 12:03:43,544 130723423979200 "GET / HTTP/1.1" 200 6240
INFO 2024-12-22 12:03:50,770 130723423979200 "GET /students/ HTTP/1.1" 200 5628
INFO 2024-12-22 12:03:54,288 130723423979200 "GET /students/create/ HTTP/1.1" 200 3605
INFO 2024-12-22 12:04:08,335 130723423979200 "GET /students/ HTTP/1.1" 200 5628
INFO 2024-12-22 12:04:14,218 130723423979200 "GET /termsession/ HTTP/1.1" 200 9966
INFO 2024-12-22 12:04:22,120 130723423979200 "GET /exam/questionbank/ HTTP/1.1" 200 7135
INFO 2024-12-22 12:04:25,609 130723423979200 "GET / HTTP/1.1" 200 6240
INFO 2024-12-22 12:04:27,097 130723423979200 "GET /exam/exams/create/ HTTP/1.1" 200 11246
INFO 2024-12-22 12:04:27,281 130723423979200 "GET /static/vendors/summernote/font/summernote.woff2 HTTP/1.1" 304 0
INFO 2024-12-22 12:04:48,075 130723423979200 "GET /termsession/ HTTP/1.1" 200 9966
INFO 2024-12-22 12:04:49,497 130723423979200 "GET /term/1/update/ HTTP/1.1" 200 975
INFO 2024-12-22 12:04:53,963 130723423979200 "GET /termsession/ HTTP/1.1" 200 9966
INFO 2024-12-22 12:04:57,144 130723423979200 "GET /term/1/update/ HTTP/1.1" 200 975
INFO 2024-12-22 12:05:01,593 130723423979200 "POST /term/1/update/ HTTP/1.1" 204 0
INFO 2024-12-22 12:05:01,940 130723423979200 "GET /termsession/ HTTP/1.1" 200 9963
INFO 2024-12-22 12:05:04,041 130723423979200 "GET /term/create/ HTTP/1.1" 200 959
INFO 2024-12-22 12:05:06,982 130723423979200 "POST /term/create/ HTTP/1.1" 204 0
INFO 2024-12-22 12:05:07,327 130723423979200 "GET /termsession/ HTTP/1.1" 200 10470
INFO 2024-12-22 12:05:11,384 130723423979200 "GET /exam/questionbank/ HTTP/1.1" 200 7135
INFO 2024-12-22 12:05:13,830 130723423979200 "GET /exam/questionbank/ HTTP/1.1" 200 7135
INFO 2024-12-22 12:05:14,505 130723423979200 "GET / HTTP/1.1" 200 6237
INFO 2024-12-22 12:05:17,974 130723423979200 "GET /exam/exams/create/ HTTP/1.1" 200 11277
INFO 2024-12-22 12:05:49,462 130723423979200 "POST /exam/exams/create/ HTTP/1.1" 302 0
INFO 2024-12-22 12:05:49,503 130723423979200 "GET /exam/exams/2/detail/ HTTP/1.1" 200 6806
INFO 2024-12-22 12:05:52,363 130723423979200 "GET /exam/take/2/ HTTP/1.1" 200 10323
INFO 2024-12-22 12:05:55,889 130723423979200 "POST /exam/take/2/ HTTP/1.1" 302 0
INFO 2024-12-22 12:05:55,924 130723423979200 "GET /exam/scores/2/1/ HTTP/1.1" 200 6215
INFO 2024-12-22 12:05:59,140 130723423979200 "GET / HTTP/1.1" 200 6824
INFO 2024-12-22 12:06:07,830 130723423979200 "GET /exam/exams/2/detail/ HTTP/1.1" 200 6521
INFO 2024-12-22 12:06:09,265 130723423979200 "GET /exam/2/scores/ HTTP/1.1" 200 5858
INFO 2024-12-22 12:06:19,732 130723423979200 "GET /exam/add-question-from-bank/2/ HTTP/1.1" 200 5861
INFO 2024-12-22 12:06:23,277 130723423979200 "POST /exam/add-question-from-bank/2/ HTTP/1.1" 302 0
INFO 2024-12-22 12:06:23,306 130723423979200 "GET /exam/exams/2/detail/ HTTP/1.1" 200 7411
INFO 2024-12-22 12:06:24,857 130723423979200 "GET /exam/add-question/2/ HTTP/1.1" 200 10081
INFO 2024-12-22 12:06:44,820 130723423979200 "POST /exam/add-question/2/ HTTP/1.1" 302 0
INFO 2024-12-22 12:06:44,860 130723423979200 "GET /exam/exams/2/detail/ HTTP/1.1" 200 7638
INFO 2024-12-22 12:06:47,339 130723423979200 "GET /exam/take/2/ HTTP/1.1" 302 0
INFO 2024-12-22 12:06:47,365 130723423979200 "GET /exam/scores/2/1/ HTTP/1.1" 200 6513
INFO 2024-12-22 12:06:50,630 130723423979200 "GET / HTTP/1.1" 200 6824
INFO 2024-12-22 12:06:53,005 130723423979200 "GET /exam/exams/2/detail/ HTTP/1.1" 200 7638
INFO 2024-12-22 12:06:55,631 130723423979200 "GET /exam/2/scores/ HTTP/1.1" 200 5858
INFO 2024-12-22 12:06:57,125 130723423979200 "GET /exam/scores/5/delete/ HTTP/1.1" 200 811
INFO 2024-12-22 12:06:58,391 130723423979200 "POST /exam/scores/5/delete/ HTTP/1.1" 204 0
INFO 2024-12-22 12:06:58,735 130723423979200 "GET /exam/2/scores/ HTTP/1.1" 200 4811
INFO 2024-12-22 12:07:01,220 130723423979200 "GET / HTTP/1.1" 200 6824
INFO 2024-12-22 12:07:02,766 130723423979200 "GET /exam/exams/2/detail/ HTTP/1.1" 200 7638
INFO 2024-12-22 12:07:03,866 130723423979200 "GET /exam/take/2/ HTTP/1.1" 200 12965
INFO 2024-12-22 12:07:10,098 130723423979200 "POST /exam/take/2/ HTTP/1.1" 302 0
INFO 2024-12-22 12:07:10,128 130723423979200 "GET /exam/scores/2/1/ HTTP/1.1" 200 6215
INFO 2024-12-22 12:07:12,254 130723423979200 "GET / HTTP/1.1" 200 6824
INFO 2024-12-22 12:07:13,909 130723423979200 "GET /exam/exams/2/detail/ HTTP/1.1" 200 7638
INFO 2024-12-22 12:07:15,743 130723423979200 "GET /exam/2/scores/ HTTP/1.1" 200 5858
INFO 2024-12-22 12:07:38,381 130723423979200 "GET /exam/2/scores/ HTTP/1.1" 200 5858
INFO 2024-12-22 12:08:16,985 130723423979200 "GET /exam/scores/2/1/ HTTP/1.1" 200 6215
WARNING 2024-12-22 12:08:19,847 130723423979200 Not Found: /home
WARNING 2024-12-22 12:08:19,848 130723423979200 "GET /home HTTP/1.1" 404 6213
INFO 2024-12-22 12:08:24,110 130723423979200 "GET /exam/scores/2/1/ HTTP/1.1" 200 6215
INFO 2024-12-22 12:08:26,473 130723423979200 "GET / HTTP/1.1" 200 6824
INFO 2024-12-22 12:08:34,316 130723423979200 "GET /exam/exams/1/detail/ HTTP/1.1" 200 7122
INFO 2024-12-22 12:08:37,870 130723423979200 "GET /exam/exams/1/update/ HTTP/1.1" 200 11319
INFO 2024-12-22 12:08:50,796 130723423979200 "GET /exam/exams/2/detail/ HTTP/1.1" 200 7638
INFO 2024-12-22 12:08:52,532 130723423979200 "GET /exam/exams/2/update/ HTTP/1.1" 200 11322
INFO 2024-12-22 12:09:15,988 130723423979200 "GET /exam/take/2/ HTTP/1.1" 302 0
INFO 2024-12-22 12:09:16,016 130723423979200 "GET /exam/scores/2/1/ HTTP/1.1" 200 6513
INFO 2024-12-22 12:09:19,456 130723423979200 "GET / HTTP/1.1" 200 6824
INFO 2024-12-22 12:09:21,685 130723423979200 "GET /accounts/logout/ HTTP/1.1" 302 0
INFO 2024-12-22 12:09:21,692 130723423979200 "GET /accounts/login/ HTTP/1.1" 200 3884
INFO 2024-12-22 12:10:05,436 130723423979200 "GET / HTTP/1.1" 302 0
INFO 2024-12-22 12:10:05,452 130723423979200 "GET /accounts/login/?next=/ HTTP/1.1" 200 3884
INFO 2024-12-22 12:10:13,674 130723423979200 "POST /accounts/login/?next=/ HTTP/1.1" 302 0
INFO 2024-12-22 12:10:13,693 130723423979200 "GET / HTTP/1.1" 200 4700
INFO 2024-12-22 12:10:23,339 130723423979200 "GET /exam/exams/2/detail/ HTTP/1.1" 200 4889
INFO 2024-12-22 12:10:24,500 130723423979200 "GET /exam/take/2/ HTTP/1.1" 200 12190
INFO 2024-12-22 12:10:30,172 130723423979200 "POST /exam/take/2/ HTTP/1.1" 302 0
INFO 2024-12-22 12:10:30,199 130723423979200 "GET /exam/scores/2/2/ HTTP/1.1" 200 5440
INFO 2024-12-22 12:10:32,574 130723423979200 "GET / HTTP/1.1" 200 4700
INFO 2024-12-22 12:10:34,860 130723423979200 "GET /exam/exams/2/detail/ HTTP/1.1" 200 4889
INFO 2024-12-22 12:10:44,137 130723423979200 "GET / HTTP/1.1" 200 4700
INFO 2024-12-22 12:10:44,174 130723423979200 "GET /static/vendors/fontawesome/css/all.min.css HTTP/1.1" 304 0
INFO 2024-12-22 12:10:44,182 130723413493440 "GET /static/vendors/swiper/css/swiper-bundle.min.css HTTP/1.1" 304 0
INFO 2024-12-22 12:10:44,185 130723533031104 "GET /static/vendors/bootstrap/css/bootstrap.min.css HTTP/1.1" 304 0
INFO 2024-12-22 12:10:44,185 130723543516864 "GET /static/vendors/summernote/summernote-lite.min.css HTTP/1.1" 304 0
INFO 2024-12-22 12:10:44,191 130723543516864 "GET /static/vendors/swiper/js/swiper-bundle.min.js HTTP/1.1" 304 0
INFO 2024-12-22 12:10:44,192 130723533031104 "GET /static/vendors/bootstrap/js/bootstrap.min.js HTTP/1.1" 304 0
INFO 2024-12-22 12:10:44,193 130723522545344 "GET /static/vendors/sweetalert2/sweetalert2.min.css HTTP/1.1" 304 0
INFO 2024-12-22 12:10:44,194 130723413493440 "GET /static/vendors/jquery/jquery.min.js HTTP/1.1" 304 0
INFO 2024-12-22 12:10:44,194 130723434464960 "GET /static/custom/css/style.css HTTP/1.1" 304 0
INFO 2024-12-22 12:10:44,200 130723522545344 "GET /static/vendors/summernote/summernote-lite.min.js HTTP/1.1" 304 0
INFO 2024-12-22 12:10:44,200 130723434464960 "GET /static/vendors/sweetalert2/sweetalert2.min.js HTTP/1.1" 304 0
INFO 2024-12-24 04:31:39,217 135508438945920 Watching for file changes with StatReloader
INFO 2024-12-24 04:31:41,003 135508378257088 "GET / HTTP/1.1" 302 0
INFO 2024-12-24 04:31:41,024 135508378257088 "GET /accounts/login/?next=/ HTTP/1.1" 200 3884
INFO 2024-12-24 04:31:41,081 135508378257088 "GET /static/vendors/fontawesome/css/all.min.css HTTP/1.1" 304 0
INFO 2024-12-24 04:31:41,085 135508296468160 "GET /static/vendors/bootstrap/css/bootstrap.min.css HTTP/1.1" 304 0
INFO 2024-12-24 04:31:41,090 135508275496640 "GET /static/vendors/summernote/summernote-lite.min.css HTTP/1.1" 304 0
INFO 2024-12-24 04:31:41,091 135508285982400 "GET /static/vendors/swiper/css/swiper-bundle.min.css HTTP/1.1" 304 0
INFO 2024-12-24 04:31:41,091 135508296468160 "GET /static/vendors/jquery/jquery.min.js HTTP/1.1" 304 0
INFO 2024-12-24 04:31:41,091 135508254525120 "GET /static/custom/css/style.css HTTP/1.1" 304 0
INFO 2024-12-24 04:31:41,091 135508265010880 "GET /static/vendors/sweetalert2/sweetalert2.min.css HTTP/1.1" 304 0
INFO 2024-12-24 04:31:41,093 135508275496640 "GET /static/vendors/bootstrap/js/bootstrap.min.js HTTP/1.1" 304 0
INFO 2024-12-24 04:31:41,096 135508265010880 "GET /static/vendors/sweetalert2/sweetalert2.min.js HTTP/1.1" 304 0
INFO 2024-12-24 04:31:41,096 135508285982400 "GET /static/vendors/swiper/js/swiper-bundle.min.js HTTP/1.1" 304 0
INFO 2024-12-24 04:31:41,097 135508254525120 "GET /static/vendors/summernote/summernote-lite.min.js HTTP/1.1" 304 0
INFO 2024-12-24 04:33:11,608 135508254525120 "POST /accounts/login/?next=/ HTTP/1.1" 302 0
INFO 2024-12-24 04:33:11,624 135508254525120 "GET / HTTP/1.1" 200 6824
INFO 2024-12-24 04:33:20,143 135508254525120 "GET / HTTP/1.1" 200 6824
INFO 2024-12-24 04:33:22,279 135508254525120 "GET /exam/questionbank/ HTTP/1.1" 200 7512
INFO 2024-12-24 04:33:22,315 135508254525120 "GET /static/vendors/fontawesome/webfonts/fa-solid-900.woff2 HTTP/1.1" 304 0
INFO 2024-12-24 04:33:28,151 135508254525120 "GET /exam/questionbank/?subject=2&class_group= HTTP/1.1" 200 7130
INFO 2024-12-24 04:33:30,581 135508254525120 "GET /exam/questionbank/?subject=2&class_group=1 HTTP/1.1" 200 7130
INFO 2024-12-24 04:33:33,349 135508254525120 "GET /exam/questionbank/?subject=1&class_group=1 HTTP/1.1" 200 6755
INFO 2024-12-24 04:33:38,786 135508254525120 "GET /exam/questionbank/ HTTP/1.1" 200 7512
INFO 2024-12-24 04:33:44,807 135508254525120 "GET /accounts/logout/ HTTP/1.1" 302 0
INFO 2024-12-24 04:33:44,810 135508254525120 "GET /accounts/login/ HTTP/1.1" 200 3884
INFO 2024-12-24 04:33:53,662 135508254525120 "POST /accounts/login/ HTTP/1.1" 200 4062
INFO 2024-12-24 04:34:09,803 135508254525120 "GET /accounts/login/ HTTP/1.1" 200 3884
INFO 2024-12-24 04:34:51,803 135508254525120 "GET / HTTP/1.1" 302 0
INFO 2024-12-24 04:34:51,811 135508254525120 "GET /accounts/login/?next=/ HTTP/1.1" 200 3884
INFO 2024-12-24 04:34:51,884 135508296468160 "GET /static/vendors/swiper/css/swiper-bundle.min.css HTTP/1.1" 200 13934
INFO 2024-12-24 04:34:51,885 135508275496640 "GET /static/custom/css/style.css HTTP/1.1" 200 983
INFO 2024-12-24 04:34:51,886 135508254525120 "GET /static/vendors/fontawesome/css/all.min.css HTTP/1.1" 200 101709
INFO 2024-12-24 04:34:51,887 135508285982400 "GET /static/vendors/sweetalert2/sweetalert2.min.css HTTP/1.1" 200 24454
INFO 2024-12-24 04:34:51,887 135508265010880 "GET /static/vendors/summernote/summernote-lite.min.css HTTP/1.1" 200 30447
INFO 2024-12-24 04:34:51,889 135508275496640 "GET /static/vendors/bootstrap/js/bootstrap.min.js HTTP/1.1" 200 60089
INFO 2024-12-24 04:34:51,889 135508296468160 "GET /static/vendors/jquery/jquery.min.js HTTP/1.1" 200 86927
INFO 2024-12-24 04:34:51,891 135508378257088 "GET /static/vendors/bootstrap/css/bootstrap.min.css HTTP/1.1" 200 155845
INFO 2024-12-24 04:34:51,891 135508285982400 "GET /static/vendors/swiper/js/swiper-bundle.min.js HTTP/1.1" 200 146371
INFO 2024-12-24 04:34:51,892 135508265010880 "GET /static/vendors/summernote/summernote-lite.min.js HTTP/1.1" 200 163197
INFO 2024-12-24 04:34:51,893 135508378257088 "GET /static/vendors/sweetalert2/sweetalert2.min.js HTTP/1.1" 200 47965
INFO 2024-12-24 04:35:03,280 135508265010880 "POST /accounts/login/?next=/ HTTP/1.1" 200 4062
INFO 2024-12-24 04:35:09,439 135508265010880 "GET /accounts/login/?next=/ HTTP/1.1" 200 3884
INFO 2024-12-24 04:35:12,251 135508265010880 "POST /accounts/login/?next=/ HTTP/1.1" 200 4062
INFO 2024-12-24 04:36:16,384 135508265010880 "GET /accounts/login/?next=/ HTTP/1.1" 200 4257
INFO 2024-12-24 04:36:18,532 135508265010880 "POST /accounts/login/?next=/ HTTP/1.1" 200 4546
INFO 2024-12-24 04:37:14,208 135508265010880 "GET /accounts/login/?next=/ HTTP/1.1" 200 4258
INFO 2024-12-24 04:37:15,961 135508265010880 "POST /accounts/login/?next=/ HTTP/1.1" 200 4586
WARNING 2024-12-24 04:37:15,999 135508265010880 Not Found: /favicon.ico
INFO 2024-12-24 04:37:44,931 135508265010880 "GET /accounts/login/?next=/ HTTP/1.1" 200 4258
WARNING 2024-12-24 04:37:44,974 135508265010880 Not Found: /favicon.ico
INFO 2024-12-24 04:37:53,056 135508265010880 "POST /accounts/login/?next=/ HTTP/1.1" 302 0
INFO 2024-12-24 04:37:53,067 135508265010880 "GET / HTTP/1.1" 200 6824
WARNING 2024-12-24 04:37:53,160 135508265010880 Not Found: /favicon.ico
INFO 2024-12-24 04:37:56,274 135508265010880 "GET /accounts/login/?next=/ HTTP/1.1" 200 4258
INFO 2024-12-24 04:37:57,511 135508265010880 "GET /accounts/login/?next=/ HTTP/1.1" 200 4258
INFO 2024-12-24 04:38:42,941 135508265010880 "GET /accounts/login/?next=/ HTTP/1.1" 200 3887
INFO 2024-12-24 04:38:48,514 135508265010880 "POST /accounts/login/?next=/ HTTP/1.1" 200 4215
INFO 2024-12-24 04:38:59,281 135508265010880 "GET /accounts/login/?next=/ HTTP/1.1" 200 3884
INFO 2024-12-24 04:39:19,743 135508265010880 "GET /accounts/login/?next=/ HTTP/1.1" 200 3887
WARNING 2024-12-24 04:39:19,783 135508275496640 Not Found: /favicon.ico
INFO 2024-12-24 04:39:21,154 135508265010880 "POST /accounts/login/?next=/ HTTP/1.1" 200 4215
WARNING 2024-12-24 04:39:21,200 135508265010880 Not Found: /favicon.ico
INFO 2024-12-24 04:39:34,586 135508265010880 "GET /accounts/login/?next=/ HTTP/1.1" 200 3887
INFO 2024-12-24 04:39:57,672 135508275496640 "GET /accounts/login/?next=/ HTTP/1.1" 200 4092
WARNING 2024-12-24 04:39:57,718 135508275496640 Not Found: /favicon.ico
INFO 2024-12-24 04:40:05,887 135508275496640 "GET /accounts/login/?next=/ HTTP/1.1" 200 3887
WARNING 2024-12-24 04:40:05,940 135508285982400 Not Found: /favicon.ico
INFO 2024-12-26 02:15:54,466 129387578740864 Watching for file changes with StatReloader
INFO 2024-12-26 02:15:58,072 129387517183680 "GET / HTTP/1.1" 302 0
INFO 2024-12-26 02:15:58,091 129387517183680 "GET /accounts/login/?next=/ HTTP/1.1" 200 3887
INFO 2024-12-26 02:15:58,164 129387517183680 "GET /static/vendors/fontawesome/css/all.min.css HTTP/1.1" 304 0
INFO 2024-12-26 02:15:58,167 129387420714688 "GET /static/vendors/swiper/css/swiper-bundle.min.css HTTP/1.1" 304 0
INFO 2024-12-26 02:15:58,167 129387431200448 "GET /static/vendors/bootstrap/css/bootstrap.min.css HTTP/1.1" 304 0
INFO 2024-12-26 02:15:58,169 129387420714688 "GET /static/vendors/jquery/jquery.min.js HTTP/1.1" 304 0
INFO 2024-12-26 02:15:58,169 129387399743168 "GET /static/vendors/sweetalert2/sweetalert2.min.css HTTP/1.1" 304 0
INFO 2024-12-26 02:15:58,170 129387410228928 "GET /static/vendors/summernote/summernote-lite.min.css HTTP/1.1" 304 0
INFO 2024-12-26 02:15:58,170 129387389257408 "GET /static/custom/css/style.css HTTP/1.1" 304 0
INFO 2024-12-26 02:15:58,170 129387431200448 "GET /static/vendors/bootstrap/js/bootstrap.min.js HTTP/1.1" 304 0
INFO 2024-12-26 02:15:58,172 129387410228928 "GET /static/vendors/swiper/js/swiper-bundle.min.js HTTP/1.1" 304 0
INFO 2024-12-26 02:15:58,175 129387399743168 "GET /static/vendors/summernote/summernote-lite.min.js HTTP/1.1" 304 0
INFO 2024-12-26 02:15:58,175 129387389257408 "GET /static/vendors/sweetalert2/sweetalert2.min.js HTTP/1.1" 304 0
INFO 2024-12-26 02:16:03,867 129387389257408 "POST /accounts/login/?next=/ HTTP/1.1" 200 4215
INFO 2024-12-26 02:16:05,331 129387389257408 "GET /accounts/login/?next=/ HTTP/1.1" 200 3887
INFO 2024-12-26 02:16:11,742 129387389257408 "POST /accounts/login/?next=/ HTTP/1.1" 302 0
INFO 2024-12-26 02:16:11,753 129387389257408 "GET / HTTP/1.1" 200 6824
INFO 2024-12-26 02:16:13,698 129387389257408 "GET / HTTP/1.1" 200 6824
INFO 2024-12-26 02:16:14,527 129387389257408 "GET /exam/questionbank/ HTTP/1.1" 200 7512
INFO 2024-12-26 02:16:14,559 129387389257408 "GET /static/vendors/fontawesome/webfonts/fa-solid-900.woff2 HTTP/1.1" 304 0
INFO 2024-12-26 02:16:16,400 129387389257408 "GET /students/ HTTP/1.1" 200 5628
INFO 2024-12-26 02:16:18,290 129387389257408 "GET /staff/ HTTP/1.1" 200 5237
INFO 2024-12-26 02:16:23,321 129387389257408 "GET /termsession/ HTTP/1.1" 200 10470
INFO 2024-12-26 02:16:26,836 129387389257408 "GET /staff/ HTTP/1.1" 200 5237
INFO 2024-12-26 02:16:27,927 129387389257408 "GET /staff/create/ HTTP/1.1" 200 3180
INFO 2024-12-26 02:16:49,410 129387389257408 "POST /staff/create/ HTTP/1.1" 200 3340
INFO 2024-12-26 02:17:03,271 129387389257408 "POST /staff/create/ HTTP/1.1" 200 3303
INFO 2024-12-26 02:17:21,698 129387389257408 "POST /staff/create/ HTTP/1.1" 200 3287
INFO 2024-12-26 02:17:31,315 129387389257408 "POST /staff/create/ HTTP/1.1" 204 0
INFO 2024-12-26 02:17:31,639 129387389257408 "GET /staff/ HTTP/1.1" 200 5354
WARNING 2024-12-26 02:17:31,793 129387389257408 Not Found: /favicon.ico
WARNING 2024-12-26 02:17:31,794 129387389257408 "GET /favicon.ico HTTP/1.1" 404 6234
INFO 2024-12-26 02:17:34,465 129387389257408 "GET /staff/ HTTP/1.1" 200 5354
INFO 2024-12-26 02:17:36,840 129387389257408 "GET /termsession/ HTTP/1.1" 200 10470
INFO 2024-12-26 02:17:38,359 129387389257408 "GET /accounts/logout/ HTTP/1.1" 302 0
INFO 2024-12-26 02:17:38,362 129387389257408 "GET /accounts/login/ HTTP/1.1" 200 3887
INFO 2024-12-26 02:17:46,031 129387389257408 "POST /accounts/login/ HTTP/1.1" 200 4215
INFO 2024-12-26 02:17:57,769 129387389257408 "POST /accounts/login/ HTTP/1.1" 302 0
INFO 2024-12-26 02:17:57,778 129387389257408 "GET / HTTP/1.1" 200 4700
INFO 2024-12-26 02:18:01,416 129387389257408 "GET / HTTP/1.1" 200 4700
INFO 2024-12-26 02:18:04,143 129387389257408 "GET / HTTP/1.1" 200 4700
INFO 2024-12-26 02:18:04,890 129387389257408 "GET /accounts/logout/ HTTP/1.1" 302 0
INFO 2024-12-26 02:18:04,893 129387389257408 "GET /accounts/login/ HTTP/1.1" 200 3887
INFO 2024-12-26 02:20:23,407 129387578740864 /home/ubuntuaja/aplikasi/python-environment/cbt/cbt/settings.py changed, reloading.
INFO 2024-12-26 02:20:23,576 128472409989248 Watching for file changes with StatReloader
